
                            < M A T L A B (R) >
                  Copyright 1984-2024 The MathWorks, Inc.
                  R2024b (24.2.0.2712019) 64-bit (glnxa64)
                              August 22, 2024

 
To get started, type doc.
For product information, visit www.mathworks.com.
 
open sesame

PATIENT_NO =

     7


JSL =

    '/home/fenggu/matlabdata/20968638'


myCluster = 

 Local Cluster

    Properties: 

                   Profile: Processes
                  Modified: false
                      Host: gl3309
                NumWorkers: 16
                NumThreads: 1

        JobStorageLocation: /home/fenggu/matlabdata/local_cluster_jobs/R2024b
   RequiresOnlineLicensing: false
   PreferredPoolNumWorkers: Inf

    Associated Jobs: 

            Number Pending: 0
             Number Queued: 0
            Number Running: 0
           Number Finished: 0


myCluster = 

 Local Cluster

    Properties: 

                   Profile: Processes
                  Modified: true
                      Host: gl3309
                NumWorkers: 16
                NumThreads: 1

        JobStorageLocation: /home/fenggu/matlabdata/20968638
   RequiresOnlineLicensing: false
   PreferredPoolNumWorkers: Inf

    Associated Jobs: 

            Number Pending: 0
             Number Queued: 0
            Number Running: 0
           Number Finished: 0

Starting parallel pool (parpool) using the 'Processes' profile ...
Connected to parallel pool with 16 workers.
{Error using ()
Key not found.

Error in m_bounds (line 34)
    bounds_i = pairs(mods{i});
               ^^^^^^^^^^^^^^
Error in GL_Optim (line 56)
[ub, lb] = m_bounds(mods);
           ^^^^^^^^^^^^^^
} 
Parallel pool using the 'Processes' profile is shutting down.
