
                            < M A T L A B (R) >
                  Copyright 1984-2023 The MathWorks, Inc.
                  R2023b (23.2.0.2365128) 64-bit (glnxa64)
                              August 23, 2023

 
To get started, type doc.
For product information, visit www.mathworks.com.
 
open sesame

PATIENT_NO =

    36


JSL =

    '/home/fenggu/matlabdata/17656211'


myCluster = 

 Local Cluster

    Properties: 

                   Profile: Processes
                  Modified: false
                      Host: gl3098
                NumWorkers: 10
                NumThreads: 1

        JobStorageLocation: /home/fenggu/matlabdata/local_cluster_jobs/R2023b
   RequiresOnlineLicensing: false
   PreferredPoolNumWorkers: Inf

    Associated Jobs: 

            Number Pending: 0
             Number Queued: 0
            Number Running: 0
           Number Finished: 0


myCluster = 

 Local Cluster

    Properties: 

                   Profile: Processes
                  Modified: true
                      Host: gl3098
                NumWorkers: 10
                NumThreads: 1

        JobStorageLocation: /home/fenggu/matlabdata/17656211
   RequiresOnlineLicensing: false
   PreferredPoolNumWorkers: Inf

    Associated Jobs: 

            Number Pending: 0
             Number Queued: 0
            Number Running: 0
           Number Finished: 0

Starting parallel pool (parpool) using the 'Processes' profile ...
Connected to parallel pool with 10 workers.

Single objective optimization:
16 Variables

Options:
CreationFcn:       @gacreationuniform
CrossoverFcn:      @crossoverscattered
SelectionFcn:      @selectionstochunif
MutationFcn:       @mutationadaptfeasible

                                  Best           Mean      Stall
Generation      Func-count        f(x)           f(x)    Generations
    1              400             Inf             Inf        0
    2              600             Inf             Inf        1
    3              800             Inf             Inf        2
    4             1000             Inf             Inf        3
    5             1200             Inf             Inf        4
    6             1400             Inf             Inf        5
    7             1600             Inf             Inf        6
    8             1800             Inf             Inf        7
    9             2000             Inf             Inf        8
   10             2200             Inf             Inf        9
ga stopped because it exceeded options.MaxStallGenerations.
{Error using assert
Assertion failed.

Error in estimParams (line 161)
        assert(false);

Error in GL_Optim (line 87)
[~,params, init] = estimParams(targets,inputs,mods,m);
} 
